[2025-06-19 15:12:59] [          global always  ] Spawning background process: c:/xampp/php/php.exe "C:/xampp/htdocs/cacti/install/background.php" 1750338779.8891
[2025-06-19 15:13:00] [          global always  ] Setting PHP Option max_execution_time = 0
[2025-06-19 15:13:00] [          global always  ] Setting PHP Option memory_limit = -1
[2025-06-19 15:13:02] [          global always  ] Starting INSTALL Process for v1.2.15
[2025-06-19 15:13:02] [          global always  ] Found 4 tables to convert
[2025-06-19 15:13:02] [          global always  ] Converting Table #1 'time_zone'
[2025-06-19 15:13:02] [          global always  ] Converting Table #2 'time_zone_name'
[2025-06-19 15:13:03] [          global always  ] Converting Table #3 'time_zone_transition'
[2025-06-19 15:13:03] [          global always  ] Converting Table #4 'time_zone_transition_type'
[2025-06-19 15:13:04] [          global always  ] Found 3 templates to install
[2025-06-19 15:13:04] [          global always  ] About to import Package #1 'Generic_SNMP_Device.xml.gz'.
[2025-06-19 15:13:12] [          global always  ] Import of Package #1 'Generic_SNMP_Device.xml.gz' under Profile '1' succeeded
[2025-06-19 15:13:12] [          global always  ] About to import Package #2 'Local_Linux_Machine.xml.gz'.
[2025-06-19 15:13:14] [          global always  ] Import of Package #2 'Local_Linux_Machine.xml.gz' under Profile '1' succeeded
[2025-06-19 15:13:14] [          global always  ] About to import Package #3 'NetSNMP_Device.xml.gz'.
[2025-06-19 15:13:34] [          global always  ] Import of Package #3 'NetSNMP_Device.xml.gz' under Profile '1' succeeded
[2025-06-19 15:13:34] [          global always  ] Repairing Automation Rules
[2025-06-19 15:13:34] [          global always  ] Mapping Automation Template for Device Template 'Net-SNMP Device'
[2025-06-19 15:13:34] [      automation always  ] Setting default data source profile to 5 Minute Collection (1)
[2025-06-19 15:13:34] [          global always  ] Updating automation network (1), mode "on" => "", subnet "192.168.1.0/24" => 192.168.1.0/24"
[2025-06-19 15:13:34] [          global always  ] WARNING: Device Template for your Operating System Not Found.  You will need to import Device Templates or Cacti Packages to monitor your Cacti server.
[2025-06-19 15:13:34] [          global always  ] Repopulating poller cache
[2025-06-19 15:13:34] [          global always  ] Repopulating SNMP Agent cache
[2025-06-19 15:13:35] [          global always  ] Generating RSA Key Pair
[2025-06-19 15:13:35] [          global always  ] Finished INSTALL Process for v1.2.15
[2025-06-19 15:13:35] [            sync always  ] No Remote Data Collectors found for full syncronization
[2025-06-19 15:13:35] [          global always  ] Installation was started at 2025-06-19 13:13:00, completed at 2025-06-19 13:13:35
